<?xml version="1.0" encoding="UTF-8"?>
<!-- Generated by org.testng.reporters.JUnitXMLReporter -->
<testsuite hostname="TK-IN-PC" ignored="0" name="Default test" tests="3" failures="0" timestamp="2020-03-19T15:56:23 IST" time="0.445" errors="0">
  <testcase name="college" time="0.106" classname="testNG.DependanciesManagement"/>
  <testcase name="highSchool" time="0.011" classname="testNG.DependanciesManagement"/>
  <testcase name="higherSecondary" time="0.02" classname="testNG.DependanciesManagement"/>
</testsuite> <!-- Default test -->
