<?xml version="1.0" encoding="UTF-8"?>
<!-- Generated by org.testng.reporters.JUnitXMLReporter -->
<testsuite hostname="TK-IN-PC" ignored="0" name="Method Test Cases" tests="3" failures="0" timestamp="2020-03-26T15:55:17 IST" time="0.073" errors="0">
  <testcase name="test1" time="0.008" classname="testNG.AnnotationsHierarchyExample"/>
  <testcase name="test2" time="0.002" classname="testNG.AnnotationsHierarchyExample"/>
  <testcase name="test3" time="0.006" classname="testNG.AnnotationsHierarchyExample"/>
</testsuite> <!-- Method Test Cases -->
