<?xml version="1.0" encoding="UTF-8"?>
<!-- Generated by org.testng.reporters.JUnitXMLReporter -->
<testsuite hostname="TK-IN-PC" ignored="0" name="Test" tests="6" failures="0" timestamp="2020-03-26T12:34:38 IST" time="0.087" errors="0">
  <testcase name="f" time="0.009" classname="testNG.AnnotationsHierarchyExample"/>
  <testcase name="f1" time="0.005" classname="testNG.AnnotationsHierarchyExample"/>
  <testcase name="f3" time="0.003" classname="testNG.AnnotationsHierarchyExample"/>
  <testcase name="highSchool" time="0.002" classname="testNG.DependanciesManagement"/>
  <testcase name="college" time="0.002" classname="testNG.DependanciesManagement"/>
  <testcase name="higherSecondary" time="0.002" classname="testNG.DependanciesManagement"/>
</testsuite> <!-- Test -->
