<?xml version="1.0" encoding="UTF-8"?>
<testng-results skipped="0" failed="0" ignored="0" total="2" passed="2">
  <reporter-output>
  </reporter-output>
  <suite name="TestNG suite" duration-ms="1525" started-at="2020-03-26T16:04:34 IST" finished-at="2020-03-26T16:04:35 IST">
    <groups>
    </groups>
    <test name="TestNG test" duration-ms="1525" started-at="2020-03-26T16:04:34 IST" finished-at="2020-03-26T16:04:35 IST">
      <class name="testNG.SuiteExample">
        <test-method status="PASS" signature="openBrowser()[pri:0, instance:testNG.SuiteExample@3cef309d]" name="openBrowser" is-config="true" duration-ms="26529" started-at="2020-03-26T16:04:07 IST" finished-at="2020-03-26T16:04:34 IST">
          <reporter-output>
          </reporter-output>
        </test-method> <!-- openBrowser -->
        <test-method status="PASS" signature="beforeMethod()[pri:0, instance:testNG.SuiteExample@3cef309d]" name="beforeMethod" is-config="true" duration-ms="0" started-at="2020-03-26T16:04:34 IST" finished-at="2020-03-26T16:04:34 IST">
          <reporter-output>
          </reporter-output>
        </test-method> <!-- beforeMethod -->
        <test-method status="PASS" signature="beforeMethod()[pri:0, instance:testNG.SuiteExample@3cef309d]" name="beforeMethod" is-config="true" duration-ms="0" started-at="2020-03-26T16:04:34 IST" finished-at="2020-03-26T16:04:34 IST">
          <reporter-output>
          </reporter-output>
        </test-method> <!-- beforeMethod -->
        <test-method status="PASS" signature="openGoogle()[pri:0, instance:testNG.SuiteExample@3cef309d]" name="openGoogle" duration-ms="1488" started-at="2020-03-26T16:04:34 IST" finished-at="2020-03-26T16:04:35 IST">
          <reporter-output>
          </reporter-output>
        </test-method> <!-- openGoogle -->
        <test-method status="PASS" signature="openBing()[pri:0, instance:testNG.SuiteExample@3cef309d]" name="openBing" duration-ms="357" started-at="2020-03-26T16:04:34 IST" finished-at="2020-03-26T16:04:34 IST">
          <reporter-output>
          </reporter-output>
        </test-method> <!-- openBing -->
        <test-method status="PASS" signature="afterMethod()[pri:0, instance:testNG.SuiteExample@3cef309d]" name="afterMethod" is-config="true" duration-ms="0" started-at="2020-03-26T16:04:34 IST" finished-at="2020-03-26T16:04:34 IST">
          <reporter-output>
          </reporter-output>
        </test-method> <!-- afterMethod -->
        <test-method status="PASS" signature="afterMethod()[pri:0, instance:testNG.SuiteExample@3cef309d]" name="afterMethod" is-config="true" duration-ms="0" started-at="2020-03-26T16:04:35 IST" finished-at="2020-03-26T16:04:35 IST">
          <reporter-output>
          </reporter-output>
        </test-method> <!-- afterMethod -->
        <test-method status="PASS" signature="closeBrowser()[pri:0, instance:testNG.SuiteExample@3cef309d]" name="closeBrowser" is-config="true" duration-ms="776" started-at="2020-03-26T16:04:35 IST" finished-at="2020-03-26T16:04:36 IST">
          <reporter-output>
          </reporter-output>
        </test-method> <!-- closeBrowser -->
      </class> <!-- testNG.SuiteExample -->
    </test> <!-- TestNG test -->
  </suite> <!-- TestNG suite -->
</testng-results>
